2025-12-17 11:18:15,768 INFO: RGZZ запущен [in D:\BerezhnayaMargarita\rgz2\app.py:33]
2025-12-17 11:21:31,145 INFO: RGZZ запущен [in D:\BerezhnayaMargarita\rgz2\app.py:36]
2025-12-17 11:21:31,737 INFO: База данных инициализирована с тестовыми данными [in D:\BerezhnayaMargarita\rgz2\app.py:502]
2025-12-17 11:21:33,499 INFO: RGZZ запущен [in D:\BerezhnayaMargarita\rgz2\app.py:36]
2025-12-17 11:21:33,636 INFO: База данных инициализирована с тестовыми данными [in D:\BerezhnayaMargarita\rgz2\app.py:502]
2025-12-17 11:21:53,517 INFO: RGZZ запущен [in D:\BerezhnayaMargarita\rgz2\app.py:36]
2025-12-17 11:21:57,412 ERROR: Exception on /login [GET] [in D:\BerezhnayaMargarita\rgz2\venv\Lib\site-packages\flask\app.py:1414]
Traceback (most recent call last):
  File "D:\BerezhnayaMargarita\rgz2\venv\Lib\site-packages\flask\app.py", line 2190, in wsgi_app
    response = self.full_dispatch_request()
               ^^^^^^^^^^^^^^^^^^^^^^^^^^^^
  File "D:\BerezhnayaMargarita\rgz2\venv\Lib\site-packages\flask\app.py", line 1486, in full_dispatch_request
    rv = self.handle_user_exception(e)
         ^^^^^^^^^^^^^^^^^^^^^^^^^^^^^
  File "D:\BerezhnayaMargarita\rgz2\venv\Lib\site-packages\flask\app.py", line 1484, in full_dispatch_request
    rv = self.dispatch_request()
         ^^^^^^^^^^^^^^^^^^^^^^^
  File "D:\BerezhnayaMargarita\rgz2\venv\Lib\site-packages\flask\app.py", line 1469, in dispatch_request
    return self.ensure_sync(self.view_functions[rule.endpoint])(**view_args)
           ^^^^^^^^^^^^^^^^^^^^^^^^^^^^^^^^^^^^^^^^^^^^^^^^^^^^^^^^^^^^^^^^^
  File "D:\BerezhnayaMargarita\rgz2\app.py", line 165, in login
    return render_template('login.html')
           ^^^^^^^^^^^^^^^^^^^^^^^^^^^^^
  File "D:\BerezhnayaMargarita\rgz2\venv\Lib\site-packages\flask\templating.py", line 151, in render_template
    return _render(app, template, context)
           ^^^^^^^^^^^^^^^^^^^^^^^^^^^^^^^
  File "D:\BerezhnayaMargarita\rgz2\venv\Lib\site-packages\flask\templating.py", line 132, in _render
    rv = template.render(context)
         ^^^^^^^^^^^^^^^^^^^^^^^^
  File "D:\BerezhnayaMargarita\rgz2\venv\Lib\site-packages\jinja2\environment.py", line 1295, in render
    self.environment.handle_exception()
  File "D:\BerezhnayaMargarita\rgz2\venv\Lib\site-packages\jinja2\environment.py", line 942, in handle_exception
    raise rewrite_traceback_stack(source=source)
  File "D:\BerezhnayaMargarita\rgz2\templates\login.html", line 1, in top-level template code
    {% extends "base.html" %}
  File "D:\BerezhnayaMargarita\rgz2\templates\base.html", line 589, in top-level template code
    © {{ now.year }} Планировщик отпусков. Все права защищены.</p>
    ^^^^^^^^^^^^^^^^^^^^^^^^
  File "D:\BerezhnayaMargarita\rgz2\venv\Lib\site-packages\jinja2\environment.py", line 490, in getattr
    return getattr(obj, attribute)
           ^^^^^^^^^^^^^^^^^^^^^^^
jinja2.exceptions.UndefinedError: 'now' is undefined
